Microsoft (R) Help Compiler
HCRTF 4.03.0002
Copyright (c) Microsoft Corp 1990 - 1995. All rights reserved.
od3.hpj
    HC3037: Warning: C:\Documents and Settings\Administrator\Desktop\OD3 Updated Versions\V2_5_19\Source\OD3_Development\hlp\OD3.hm : 
	The map value for "HIDD_SELECT_ITEMS_DIALOG" is the same as the map value for "HIDR_POPUPMENUS".
    HC3037: Warning: C:\Documents and Settings\Administrator\Desktop\OD3 Updated Versions\V2_5_19\Source\OD3_Development\hlp\OD3.hm : 
	The map value for "HIDD_ITEMS_LIST_DIALOG" is the same as the map value for "HIDR_LEFTPOPUP".
    HC1002: Note: 
	Using existing phrase table: OD3.ph.
    HC1003: Note: topic #1 of C:\Documents and Settings\Administrator\Desktop\OD3 Updated Versions\V2_5_19\Source\OD3_Development\hlp\.\afxcore.rtf : 
	A paragraph marker is formatted as a hidden character.
    HC1010: Note: 
	The following mapped Topic IDs were not used in any topic:
	AFX_HIDP_UNREG_DONE
	HID_DELETE_ELEMENT
	HIDM_COIL_PRINTLIVE
	AFX_HIDD_NEWTYPEDLG
	HIDD_LISTACC
	HID_PROCESS_GENERATE_ITEM
	HIDM_VAL_SELECTION
	AFX_HIDP_GET_NOT_SUPPORTED
	HID_FILE_IMPORT_D3
	HID_HT_OBJECT
	AFX_HIDD_FILEOPEN
	AFX_HIDD_FILESAVE
	AFX_HIDP_SQL_BOOKMARKS_NOT_ENABLED
	HID_PROCESS_GENERATE
	HIDM_IMPORT_ASW
	HID_PROCESS_ADD_NEWACCESSORY
	HID_DELETEITEM
	HID_RECORD_FIRST
	HID_EDIT_SELECT_ALL
	HID_ITEM_GENERATE
	HID_FILE_UPDATE
	AFX_HIDW_RESIZE_BAR
	AFX_HIDP_SQL_NO_DATA_FOUND
	AFX_HIDP_SQL_EMPTY_COLUMN_LIST
	HID_FILE_SEND_MAIL
	AFX_HIDP_SQL_ODBC_LOAD_FAILED
	AFX_HIDP_FAILED_TO_CREATE
	HIDM_COIL_EXPORTLIVE
	AFX_HIDD_BUSY
	AFX_HIDP_ARCH_NONE
	HID_RECORD_LAST
	HID_RECORD_NEXT
	HID_RECORD_PREV
	HID_EDIT_REDO
	HID_EDIT_UNDO
	AFX_HIDD_OBJECTPROPERTIES
	HIDM_TRAN_SELECTION
	AFX_HIDP_UNREG_FAILURE
	HID_DB_DISCONNECT
	AFX_HIDP_SQL_BOOKMARKS_NOT_SUPPORTED
	HIDM_SYS_DEL
	AFX_HIDP_FILE_TOO_MANY_OPEN
	AFX_HIDP_SQL_FIELD_NOT_FOUND
	AFX_HIDP_FILE_ACCESS_DENIED
	HIDD_DIALOG1
	HIDD_CEE_SECTION
	HID_FILE_SAVE_COPY_AS
	AFX_HIDD_CONVERT
	HIDM_EXPORT_D3
	AFX_HIDP_ASK_TO_DISCARD
	HIDM_GEN_SELECTION
	AFX_HIDP_SQL_FIELD_SCHEMA_MISMATCH
	AFX_HIDP_SQL_LOCK_MODE_NOT_SUPPORTED
	HID_FORMAT_FONT
	AFX_HIDP_FILE_HARD_IO
	AFX_HIDD_CHANGESOURCE
	HIDD_WHATSNEW
	AFX_HIDP_FILE_NOT_FOUND
	AFX_HIDW_DOCKBAR_TOP
	HIDD_UPDATECOILSTATUS
	HID_ITEM_TRANSFER2
	AFX_HIDP_DAO_DFX_BIND
	HIDM_ADVANCED_MODE
	AFX_HIDP_SQL_ODBC_V2_REQUIRED
	HID_INDICATOR_PROGRESS
	AFX_HIDP_SQL_NO_ROWS_AFFECTED
	HIDD_MANUALINPUT_PAGE
	HIDD_MESSAGE
	HID_OLE_EDIT_CONVERT
	AFX_HIDP_SQL_SQL_CONFORMANCE
	AFX_HIDD_INSERTOBJECT
	AFX_HIDP_SQL_RECORDSET_READONLY
	HID_PROCESS_ADD
	AFX_HIDP_PARSE_RADIO_BUTTON
	HIDD_ACC_DIALOG
	HID_PROCESS_VALIDATE
	HID_EDIT_PASTE_SPECIAL
	HID_PROCESS_VALIDATE_ITEM
	AFX_HIDP_DAO_ROWTOOSHORT
	HID_STATIC
	HID_ITEM_PRINT
	AFX_HIDP_SQL_INCORRECT_ODBC
	AFX_HIDP_NO_ERROR_AVAILABLE
	HIDD_PROJECT_OPTIONS_DIALOG
	AFX_HIDW_DOCKBAR_BOTTOM
	AFX_HIDP_FILE_DIR_FULL
	HID_FILE_TRANSFER2
	HID_ITEM_VALIDATE
	AFX_HIDP_DAO_BADBINDINFO
	HID_PROCESS_VALIDATE_ALL
	HIDM_PRINTTHISELEMENT
	HIDM_COIL_UPDATEJOB
	AFX_HIDP_SQL_UPDATE_DELETE_FAILED
	AFX_HIDP_PARSE_DATETIME
	HID_OLE_EDIT_CHANGE_ICON
	AFX_HIDP_ARCH_ENDOFFILE
	AFX_HIDP_SQL_SQL_NO_TOTAL
	AFX_HIDP_SQL_CONNECT_FAIL
	AFX_HIDP_SQL_API_CONFORMANCE
	HID_OLE_EDIT_PROPERTIES
	AFX_HIDP_FILE_DISKFULL
	HIDR_LEFTPOPUP
	HID_FILE_SAVE_AS
	HID_INDICATOR_MSG
	HID_ELEMENT_DELETE
	AFX_HIDW_DOCKBAR_LEFT
	HIDD_PROCESSING_PAGE
	AFX_HIDP_FILE_REMOVE_CURRENT
	AFX_HIDP_ARCH_BADCLASS
	HIDD_SPLITD3
	HID_ITEM_TRANSFER
	HIDM_SYS_SELALL
	AFX_HIDP_SQL_NO_POSITIONED_UPDATES
	HID_OLE_VERB_1
	HID_OLE_VERB_1
	HID_OLE_VERB_1
	HID_OLE_VERB_1
	HID_OLE_VERB_1
	HID_OLE_VERB_1
	HID_OLE_VERB_1
	HID_OLE_VERB_1
	HID_OLE_VERB_1
	HID_OLE_VERB_1
	HID_OLE_VERB_1
	HID_OLE_VERB_1
	HID_OLE_VERB_1
	HID_OLE_VERB_1
	HID_OLE_VERB_1
	HID_OLE_VERB_1
	AFX_HIDP_ARCH_BADINDEX
	HID_DB_CONNECT
	HID_ITEM_ADD_BEAM
	HID_WIZBACK
	HID_WIZNEXT
	HID_FILE_TRANSFER
	AFX_HIDP_PARSE_CURRENCY
	AFX_HIDP_FILE_NONE
	AFX_HIDP_FAILED_TO_CONVERT
	HID_HELP_FINDER
	HID_OPEN_SYSCONFIG
	HIDM_REP_SELECTION
	AFX_HIDP_FILE_EOF
	AFX_HIDP_FILE_LOCKING
	AFX_HIDP_SQL_ILLEGAL_MODE
	AFX_HIDD_PREVIEW_TOOLBAR
	AFX_HIDP_SQL_NO_CURRENT_RECORD
	AFX_HIDP_FILE_BAD_PATH
	AFX_HIDP_FILE_BAD_SEEK
	HIDD_SPLASH
	AFX_HIDP_SQL_ROW_UPDATE_NOT_SUPPORTED
	HIDD_NEW_PROJECT
	HIDM_COIL_SENDJOB
	AFX_HIDP_FAILED_MAPI_LOAD
	AFX_HIDP_FAILED_MAPI_SEND
	HID_APP_EXIT
	HIDM_PRINT_SUMMARY
	AFX_HIDP_FILE_SHARING
	HID_FILE_NEW
	HIDD_INPUTFILES_PAGE
	HIDD_REPORTS_PAGE
	HID_FILE_PRINT_DIRECT
	HID_FILE_CLOSE
	HID_FILE_MRU_FILE1
	HID_FILE_MRU_FILE1
	HID_FILE_MRU_FILE1
	HID_FILE_MRU_FILE1
	HID_FILE_MRU_FILE1
	HID_FILE_MRU_FILE1
	HID_FILE_MRU_FILE1
	HID_FILE_MRU_FILE1
	HID_FILE_MRU_FILE1
	HID_FILE_MRU_FILE1
	HID_FILE_MRU_FILE1
	HID_FILE_MRU_FILE1
	HID_FILE_MRU_FILE1
	HID_FILE_MRU_FILE1
	HID_FILE_MRU_FILE1
	HID_FILE_MRU_FILE1
	AFX_HIDP_DLL_LOAD_FAILED
	HID_PROCESS_GENERATE_ALL
	AFX_HIDP_SQL_DYNASET_NOT_SUPPORTED
	HID_DUMP_SETREPORTTYPE_ALLITEMS
	HIDM_PRINT_JOBSHEETS
	AFX_HIDP_SQL_ROW_FETCH
	HID_PROCESS_PRINT_ALL
	AFX_HIDP_SET_NOT_SUPPORTED
	AFX_HIDD_CHANGEICON
	HID_PROCESS_DELETE_ACCESSORY
	HID_EDIT_ELEMENT
	AFX_HIDP_DLL_BAD_VERSION
	AFX_HIDP_ARCH_BADSCHEMA
	HID_ELEMENT_PASTE
	HIDD_WERNIK
	AFX_HIDD_FILEBROWSE
	HID_PROCESS_ADD_NEWBEAM
	HID_PROCESS_ADD_NEWITEM
	HID_ITEM_DELETE
	AFX_HIDD_EDITLINKS
	AFX_HIDP_SQL_DATA_TRUNCATED
	HID_PRINT_BEAM
	HID_ADD_NEWITEM
	HID_ELEMENT_COPY
	HID_ELEMENT_EDIT
	HIDR_POPUPMENUS
	HID_HT_HELP
	HID_WIZFINISH
	HIDD_MANUAL_BEAM_INPUT
	AFX_HIDP_INVALID_MAPI_DLL
	AFX_HIDD_PREVIEW_SHORTTOOLBAR
	AFX_HIDP_DAO_OBJECT_NOT_OPEN
	AFX_HIDP_ARCH_WRITEONLY
	HID_FILE_IMPORT_PROJECTSETTINGS
	HID_OLE_EDIT_LINKS
	HIDM_SELECTALLITEMS
	HID_PROCESS_DELETE_BEAM
	HID_PROCESS_DELETE_ITEM
	AFX_HIDP_SQL_MULTIPLE_ROWS_AFFECTED
	HID_EDIT_PASTE_LINK
	AFX_HIDP_DAO_ENGINE_INITIALIZATION
	AFX_HIDW_DOCKBAR_FLOAT
	HIDD_OUTPUTFILES_PAGE
	HID_FILE_OPEN
	HID_FILE_SAVE
	AFX_HIDW_DOCKBAR_RIGHT
	AFX_HIDP_PARSE_BYTE
	AFX_HIDP_PARSE_UINT
	AFX_HIDP_ARCH_GENERIC
	HIDD_ASSOCIATIONS_PAGE
	HID_PROCESS_PRINT_ITEM
	HID_PROCESS_PRINT_THIS
	AFX_HIDP_SQL_SNAPSHOT_NOT_SUPPORTED
	HID_ELEMENT_CUT
	AFX_HIDD_PASTESPECIAL
	AFX_HIDP_FILE_GENERIC
	AFX_HIDP_FILE_INVALID_FILE
	HID_HT_CLOSE
	AFX_HIDP_ARCH_READONLY
	AFX_HIDP_SQL_RECORDSET_FORWARD_ONLY
	HID_OLE_INSERT_NEW
	AFX_HIDP_SQL_DYNAMIC_CURSOR_NOT_SUPPORTED
	HID_PRINT_ACCESSORY
	AFX_HIDP_DAO_COLUMNUNAVAILABLE
	HIDR_SYSASS_POP
72	Topics
9	Jumps
9	Keywords
20	Bitmaps


Created C:\Documents and Settings\Administrator\Desktop\OD3 Updated Versions\V2_5_19\Source\OD3_Development\hlp\OD3.HLP, 51,311 bytes
Bitmaps: 4,884 bytes
Phrase+Zeck compression decreased help file by 28,592 bytes.
Compile time: 0 minutes, 0 seconds
3 notes, 2 warnings
